<?xml version="1.0" encoding="UTF-8"?>
<!-- Generated by org.testng.reporters.JUnitXMLReporter -->
<testsuite ignored="1" hostname="DESKTOP-3LQC5PV" failures="0" tests="1" name="Test" time="7.322" errors="0" timestamp="2023-09-06T18:39:01 IST">
  <testcase classname="testCases.TC_002_LoginTest" name="test_Login" time="1.715"/>
  <testcase classname="testCases.TC_001_AccountRegistrationTest" name="test_account_Registration" time="0.0">
    <ignored/>
  </testcase> <!-- test_account_Registration -->
</testsuite> <!-- Test -->
